2026-04-18 17:38:46,818 - INFO - Training data independent size : (888, 5)
2026-04-18 17:38:46,818 - INFO - Training data dependent size : (888,)
2026-04-18 17:38:46,818 - INFO - testing data independent size : (179, 5)
2026-04-18 17:38:46,818 - INFO - testing data dependent size : (179,)
2026-04-18 17:38:46,823 - INFO - before    Pclass_trim  SibSp_trim  Fare_trim  Sex_male  Embarked_randam_S
0     2.048058         0.0   2.886633       1.0                1.0
2026-04-18 17:38:46,826 - INFO - [[-1.3894023  -0.69831253  0.41641224  0.82379545  0.61547356]
 [-0.55724133 -0.69831253 -0.3826015   0.82379545  0.61547356]
 [ 0.91770182 -0.69831253 -0.89385884  0.82379545  0.61547356]
 ...
 [-0.55724133 -0.69831253 -0.41686335 -1.21389357 -1.62616017]
 [ 0.91770182 -0.69831253 -0.91686187 -1.21389357 -1.62616017]
 [ 0.91770182 -0.69831253 -0.90901023  0.82379545 -1.62616017]]
2026-04-18 17:38:51,454 - INFO - [[73 32]
 [11 63]]
2026-04-18 17:38:51,455 - INFO - 0.7597765363128491
2026-04-18 17:38:51,460 - INFO -               precision    recall  f1-score   support

           0       0.87      0.70      0.77       105
           1       0.66      0.85      0.75        74

    accuracy                           0.76       179
   macro avg       0.77      0.77      0.76       179
weighted avg       0.78      0.76      0.76       179

