2026-04-18 17:38:46,713 - INFO - before train handling nulls (712, 7) 
 Index(['Pclass', 'Sex', 'Age', 'SibSp', 'Parch', 'Fare', 'Embarked'], dtype='str') 
 Pclass        0
Sex           0
Age         140
SibSp         0
Parch         0
Fare          0
Embarked      2
dtype: int64
2026-04-18 17:38:46,714 - INFO - before test handling nulls (179, 7) 
 Index(['Pclass', 'Sex', 'Age', 'SibSp', 'Parch', 'Fare', 'Embarked'], dtype='str') 
 Pclass       0
Sex          0
Age         37
SibSp        0
Parch        0
Fare         0
Embarked     0
dtype: int64
2026-04-18 17:38:46,721 - INFO - after train handling nulls (712, 7) 
 Index(['Pclass', 'Sex', 'SibSp', 'Parch', 'Fare', 'Age_randam',
       'Embarked_randam'],
      dtype='str') 
 Pclass             0
Sex                0
SibSp              0
Parch              0
Fare               0
Age_randam         0
Embarked_randam    0
dtype: int64
2026-04-18 17:38:46,722 - INFO - after test handling nulls (179, 7) 
 Index(['Pclass', 'Sex', 'SibSp', 'Parch', 'Fare', 'Age_randam',
       'Embarked_randam'],
      dtype='str') 
 Pclass             0
Sex                0
SibSp              0
Parch              0
Fare               0
Age_randam         0
Embarked_randam    0
dtype: int64
